<?xml version="1.0" encoding="UTF-8"?>
<coverage generated="1637262209739" clover="3.2.0">
  <project timestamp="1637262209739" name="All files">
    <metrics statements="11" coveredstatements="9" conditionals="8" coveredconditionals="7" methods="4" coveredmethods="3" elements="23" coveredelements="19" complexity="0" loc="11" ncloc="11" packages="1" files="1" classes="1"/>
    <file name="ImageGallery.jsx" path="/Users/cameroncolaco/Documents/HR/SEI/sprints/project-atelier/client/src/components/Overview/ImageGallery.jsx">
      <metrics statements="11" coveredstatements="9" conditionals="8" coveredconditionals="7" methods="4" coveredmethods="3"/>
      <line num="8" count="1" type="stmt"/>
      <line num="10" count="13" type="stmt"/>
      <line num="12" count="13" type="stmt"/>
      <line num="13" count="1" type="stmt"/>
      <line num="14" count="1" type="stmt"/>
      <line num="17" count="13" type="cond" truecount="1" falsecount="1"/>
      <line num="19" count="13" type="stmt"/>
      <line num="31" count="73" type="cond" truecount="2" falsecount="0"/>
      <line num="46" count="0" type="cond" truecount="2" falsecount="0"/>
      <line num="55" count="0" type="stmt"/>
      <line num="63" count="1" type="stmt"/>
    </file>
  </project>
</coverage>
