{"/Users/sangeetha/Documents/HackReactor/remote-course/FEC/project-atelier/client/data/Related_Outfit.js": {"path":"/Users/sangeetha/Documents/HackReactor/remote-course/FEC/project-atelier/client/data/Related_Outfit.js","statementMap":{"0":{"start":{"line":4,"column":16},"end":{"line":9,"column":3}},"1":{"start":{"line":11,"column":17},"end":{"line":188,"column":3}},"2":{"start":{"line":189,"column":23},"end":{"line":358,"column":3}},"3":{"start":{"line":359,"column":2},"end":{"line":363,"column":3}}},"fnMap":{},"branchMap":{},"s":{"0":1,"1":1,"2":1,"3":1},"f":{},"b":{},"_coverageSchema":"1a1c01bbd47fc00a2c39e90264f33305004495a9","hash":"d84574eba43adceda0c8fa9e31912804672d5178"}
,"/Users/sangeetha/Documents/HackReactor/remote-course/FEC/project-atelier/client/src/components/Related_Outfit/Comparison.jsx": {"path":"/Users/sangeetha/Documents/HackReactor/remote-course/FEC/project-atelier/client/src/components/Related_Outfit/Comparison.jsx","statementMap":{"0":{"start":{"line":5,"column":17},"end":{"line":63,"column":1}},"1":{"start":{"line":6,"column":2},"end":{"line":61,"column":3}},"2":{"start":{"line":8,"column":36},"end":{"line":8,"column":60}},"3":{"start":{"line":9,"column":36},"end":{"line":9,"column":65}},"4":{"start":{"line":10,"column":20},"end":{"line":10,"column":22}},"5":{"start":{"line":12,"column":5},"end":{"line":19,"column":6}},"6":{"start":{"line":14,"column":26},"end":{"line":14,"column":50}},"7":{"start":{"line":15,"column":6},"end":{"line":15,"column":35}},"8":{"start":{"line":16,"column":6},"end":{"line":16,"column":71}},"9":{"start":{"line":17,"column":6},"end":{"line":17,"column":53}},"10":{"start":{"line":20,"column":5},"end":{"line":31,"column":6}},"11":{"start":{"line":22,"column":26},"end":{"line":22,"column":50}},"12":{"start":{"line":23,"column":6},"end":{"line":29,"column":7}},"13":{"start":{"line":24,"column":8},"end":{"line":24,"column":37}},"14":{"start":{"line":25,"column":8},"end":{"line":25,"column":73}},"15":{"start":{"line":26,"column":8},"end":{"line":26,"column":55}},"16":{"start":{"line":28,"column":8},"end":{"line":28,"column":73}},"17":{"start":{"line":33,"column":23},"end":{"line":33,"column":44}},"18":{"start":{"line":35,"column":4},"end":{"line":56,"column":5}},"19":{"start":{"line":49,"column":12},"end":{"line":49,"column":97}},"20":{"start":{"line":58,"column":5},"end":{"line":60,"column":7}},"21":{"start":{"line":64,"column":0},"end":{"line":70,"column":1}}},"fnMap":{"0":{"name":"(anonymous_0)","decl":{"start":{"line":5,"column":17},"end":{"line":5,"column":18}},"loc":{"start":{"line":5,"column":28},"end":{"line":63,"column":1}},"line":5},"1":{"name":"(anonymous_1)","decl":{"start":{"line":48,"column":27},"end":{"line":48,"column":28}},"loc":{"start":{"line":49,"column":12},"end":{"line":49,"column":97}},"line":49}},"branchMap":{"0":{"loc":{"start":{"line":6,"column":2},"end":{"line":61,"column":3}},"type":"if","locations":[{"start":{"line":6,"column":2},"end":{"line":61,"column":3}},{"start":{"line":57,"column":8},"end":{"line":61,"column":3}}],"line":6},"1":{"loc":{"start":{"line":23,"column":6},"end":{"line":29,"column":7}},"type":"if","locations":[{"start":{"line":23,"column":6},"end":{"line":29,"column":7}},{"start":{"line":27,"column":12},"end":{"line":29,"column":7}}],"line":23}},"s":{"0":1,"1":0,"2":0,"3":0,"4":0,"5":0,"6":0,"7":0,"8":0,"9":0,"10":0,"11":0,"12":0,"13":0,"14":0,"15":0,"16":0,"17":0,"18":0,"19":0,"20":0,"21":1},"f":{"0":0,"1":0},"b":{"0":[0,0],"1":[0,0]},"_coverageSchema":"1a1c01bbd47fc00a2c39e90264f33305004495a9","hash":"7b000ae2965581c5dad20ba82c89decba78763b7"}
,"/Users/sangeetha/Documents/HackReactor/remote-course/FEC/project-atelier/client/src/components/Related_Outfit/ComparisonRow.jsx": {"path":"/Users/sangeetha/Documents/HackReactor/remote-course/FEC/project-atelier/client/src/components/Related_Outfit/ComparisonRow.jsx","statementMap":{"0":{"start":{"line":6,"column":20},"end":{"line":25,"column":1}},"1":{"start":{"line":7,"column":2},"end":{"line":7,"column":48}},"2":{"start":{"line":8,"column":24},"end":{"line":8,"column":56}},"3":{"start":{"line":10,"column":24},"end":{"line":10,"column":56}},"4":{"start":{"line":12,"column":2},"end":{"line":24,"column":3}},"5":{"start":{"line":26,"column":0},"end":{"line":30,"column":1}}},"fnMap":{"0":{"name":"(anonymous_0)","decl":{"start":{"line":6,"column":20},"end":{"line":6,"column":21}},"loc":{"start":{"line":6,"column":31},"end":{"line":25,"column":1}},"line":6}},"branchMap":{},"s":{"0":1,"1":0,"2":0,"3":0,"4":0,"5":1},"f":{"0":0},"b":{},"_coverageSchema":"1a1c01bbd47fc00a2c39e90264f33305004495a9","hash":"3f5e87d3808b3c05a8dc4d555ec2e2d79547bd5b"}
,"/Users/sangeetha/Documents/HackReactor/remote-course/FEC/project-atelier/client/src/components/Related_Outfit/Rating.jsx": {"path":"/Users/sangeetha/Documents/HackReactor/remote-course/FEC/project-atelier/client/src/components/Related_Outfit/Rating.jsx","statementMap":{"0":{"start":{"line":33,"column":13},"end":{"line":43,"column":1}},"1":{"start":{"line":34,"column":20},"end":{"line":34,"column":23}},"2":{"start":{"line":35,"column":2},"end":{"line":42,"column":3}}},"fnMap":{"0":{"name":"(anonymous_0)","decl":{"start":{"line":33,"column":13},"end":{"line":33,"column":14}},"loc":{"start":{"line":33,"column":24},"end":{"line":43,"column":1}},"line":33}},"branchMap":{},"s":{"0":1,"1":0,"2":0},"f":{"0":0},"b":{},"_coverageSchema":"1a1c01bbd47fc00a2c39e90264f33305004495a9","hash":"54fdd503d0fb3bd7b01f6fb112b23dc1b8ef1844"}
,"/Users/sangeetha/Documents/HackReactor/remote-course/FEC/project-atelier/client/src/components/Related_Outfit/Related_Outfit.jsx": {"path":"/Users/sangeetha/Documents/HackReactor/remote-course/FEC/project-atelier/client/src/components/Related_Outfit/Related_Outfit.jsx","statementMap":{"0":{"start":{"line":11,"column":4},"end":{"line":11,"column":17}},"1":{"start":{"line":12,"column":4},"end":{"line":23,"column":6}},"2":{"start":{"line":24,"column":4},"end":{"line":24,"column":59}},"3":{"start":{"line":25,"column":4},"end":{"line":25,"column":61}},"4":{"start":{"line":29,"column":16},"end":{"line":29,"column":35}},"5":{"start":{"line":30,"column":16},"end":{"line":30,"column":18}},"6":{"start":{"line":31,"column":4},"end":{"line":53,"column":5}},"7":{"start":{"line":32,"column":6},"end":{"line":32,"column":34}},"8":{"start":{"line":33,"column":29},"end":{"line":33,"column":31}},"9":{"start":{"line":34,"column":6},"end":{"line":40,"column":7}},"10":{"start":{"line":37,"column":8},"end":{"line":39,"column":9}},"11":{"start":{"line":38,"column":10},"end":{"line":38,"column":37}},"12":{"start":{"line":42,"column":6},"end":{"line":45,"column":8}},"13":{"start":{"line":48,"column":6},"end":{"line":48,"column":33}},"14":{"start":{"line":49,"column":6},"end":{"line":52,"column":8}},"15":{"start":{"line":55,"column":4},"end":{"line":58,"column":7}},"16":{"start":{"line":63,"column":4},"end":{"line":63,"column":58}},"17":{"start":{"line":68,"column":4},"end":{"line":79,"column":6}},"18":{"start":{"line":70,"column":6},"end":{"line":70,"column":82}},"19":{"start":{"line":71,"column":6},"end":{"line":73,"column":8}},"20":{"start":{"line":76,"column":6},"end":{"line":78,"column":8}},"21":{"start":{"line":77,"column":8},"end":{"line":77,"column":36}},"22":{"start":{"line":84,"column":5},"end":{"line":115,"column":7}},"23":{"start":{"line":86,"column":7},"end":{"line":86,"column":61}},"24":{"start":{"line":87,"column":21},"end":{"line":87,"column":23}},"25":{"start":{"line":89,"column":7},"end":{"line":93,"column":9}},"26":{"start":{"line":90,"column":10},"end":{"line":92,"column":11}},"27":{"start":{"line":91,"column":11},"end":{"line":91,"column":35}},"28":{"start":{"line":95,"column":7},"end":{"line":97,"column":9}},"29":{"start":{"line":98,"column":7},"end":{"line":98,"column":22}},"30":{"start":{"line":101,"column":7},"end":{"line":101,"column":43}},"31":{"start":{"line":102,"column":7},"end":{"line":111,"column":9}},"32":{"start":{"line":104,"column":9},"end":{"line":104,"column":79}},"33":{"start":{"line":105,"column":9},"end":{"line":107,"column":11}},"34":{"start":{"line":110,"column":9},"end":{"line":110,"column":57}},"35":{"start":{"line":114,"column":7},"end":{"line":114,"column":35}},"36":{"start":{"line":118,"column":20},"end":{"line":118,"column":49}},"37":{"start":{"line":121,"column":4},"end":{"line":124,"column":5}},"38":{"start":{"line":122,"column":6},"end":{"line":122,"column":47}},"39":{"start":{"line":123,"column":6},"end":{"line":123,"column":68}},"40":{"start":{"line":131,"column":4},"end":{"line":140,"column":7}},"41":{"start":{"line":133,"column":6},"end":{"line":133,"column":50}},"42":{"start":{"line":134,"column":6},"end":{"line":136,"column":8}},"43":{"start":{"line":139,"column":6},"end":{"line":139,"column":34}},"44":{"start":{"line":144,"column":4},"end":{"line":159,"column":7}},"45":{"start":{"line":146,"column":6},"end":{"line":146,"column":52}},"46":{"start":{"line":147,"column":24},"end":{"line":147,"column":46}},"47":{"start":{"line":148,"column":6},"end":{"line":150,"column":7}},"48":{"start":{"line":149,"column":8},"end":{"line":149,"column":44}},"49":{"start":{"line":151,"column":6},"end":{"line":151,"column":56}},"50":{"start":{"line":152,"column":6},"end":{"line":154,"column":8}},"51":{"start":{"line":158,"column":6},"end":{"line":158,"column":34}},"52":{"start":{"line":162,"column":4},"end":{"line":164,"column":7}},"53":{"start":{"line":165,"column":4},"end":{"line":165,"column":48}},"54":{"start":{"line":166,"column":4},"end":{"line":166,"column":48}},"55":{"start":{"line":167,"column":4},"end":{"line":167,"column":50}},"56":{"start":{"line":168,"column":4},"end":{"line":168,"column":46}},"57":{"start":{"line":171,"column":4},"end":{"line":175,"column":5}},"58":{"start":{"line":172,"column":6},"end":{"line":172,"column":50}},"59":{"start":{"line":173,"column":6},"end":{"line":173,"column":50}},"60":{"start":{"line":174,"column":6},"end":{"line":174,"column":52}},"61":{"start":{"line":176,"column":4},"end":{"line":178,"column":5}},"62":{"start":{"line":177,"column":6},"end":{"line":177,"column":48}},"63":{"start":{"line":182,"column":18},"end":{"line":182,"column":23}},"64":{"start":{"line":183,"column":19},"end":{"line":183,"column":63}},"65":{"start":{"line":184,"column":4},"end":{"line":184,"column":38}},"66":{"start":{"line":185,"column":4},"end":{"line":185,"column":32}},"67":{"start":{"line":186,"column":4},"end":{"line":190,"column":5}},"68":{"start":{"line":187,"column":6},"end":{"line":187,"column":48}},"69":{"start":{"line":189,"column":6},"end":{"line":189,"column":52}},"70":{"start":{"line":191,"column":4},"end":{"line":191,"column":36}},"71":{"start":{"line":192,"column":4},"end":{"line":192,"column":57}},"72":{"start":{"line":193,"column":4},"end":{"line":193,"column":58}},"73":{"start":{"line":194,"column":4},"end":{"line":194,"column":50}},"74":{"start":{"line":197,"column":3},"end":{"line":197,"column":57}},"75":{"start":{"line":198,"column":3},"end":{"line":204,"column":4}},"76":{"start":{"line":199,"column":5},"end":{"line":203,"column":6}},"77":{"start":{"line":206,"column":4},"end":{"line":236,"column":5}},"78":{"start":{"line":210,"column":70},"end":{"line":210,"column":93}},"79":{"start":{"line":213,"column":16},"end":{"line":213,"column":173}},"80":{"start":{"line":218,"column":67},"end":{"line":218,"column":90}},"81":{"start":{"line":223,"column":68},"end":{"line":223,"column":91}},"82":{"start":{"line":226,"column":53},"end":{"line":226,"column":71}},"83":{"start":{"line":228,"column":16},"end":{"line":228,"column":174}},"84":{"start":{"line":231,"column":66},"end":{"line":231,"column":89}},"85":{"start":{"line":239,"column":0},"end":{"line":246,"column":1}}},"fnMap":{"0":{"name":"(anonymous_0)","decl":{"start":{"line":10,"column":2},"end":{"line":10,"column":3}},"loc":{"start":{"line":10,"column":21},"end":{"line":26,"column":3}},"line":10},"1":{"name":"(anonymous_1)","decl":{"start":{"line":27,"column":2},"end":{"line":27,"column":3}},"loc":{"start":{"line":27,"column":35},"end":{"line":60,"column":3}},"line":27},"2":{"name":"(anonymous_2)","decl":{"start":{"line":61,"column":2},"end":{"line":61,"column":3}},"loc":{"start":{"line":61,"column":37},"end":{"line":65,"column":3}},"line":61},"3":{"name":"(anonymous_3)","decl":{"start":{"line":67,"column":2},"end":{"line":67,"column":3}},"loc":{"start":{"line":67,"column":28},"end":{"line":80,"column":3}},"line":67},"4":{"name":"(anonymous_4)","decl":{"start":{"line":69,"column":10},"end":{"line":69,"column":11}},"loc":{"start":{"line":69,"column":36},"end":{"line":74,"column":5}},"line":69},"5":{"name":"(anonymous_5)","decl":{"start":{"line":75,"column":11},"end":{"line":75,"column":12}},"loc":{"start":{"line":75,"column":22},"end":{"line":79,"column":5}},"line":75},"6":{"name":"(anonymous_6)","decl":{"start":{"line":76,"column":18},"end":{"line":76,"column":19}},"loc":{"start":{"line":76,"column":29},"end":{"line":78,"column":7}},"line":76},"7":{"name":"(anonymous_7)","decl":{"start":{"line":82,"column":2},"end":{"line":82,"column":3}},"loc":{"start":{"line":82,"column":30},"end":{"line":116,"column":3}},"line":82},"8":{"name":"(anonymous_8)","decl":{"start":{"line":85,"column":11},"end":{"line":85,"column":12}},"loc":{"start":{"line":85,"column":34},"end":{"line":99,"column":6}},"line":85},"9":{"name":"(anonymous_9)","decl":{"start":{"line":89,"column":33},"end":{"line":89,"column":34}},"loc":{"start":{"line":89,"column":55},"end":{"line":93,"column":8}},"line":89},"10":{"name":"(anonymous_10)","decl":{"start":{"line":100,"column":11},"end":{"line":100,"column":12}},"loc":{"start":{"line":100,"column":24},"end":{"line":112,"column":6}},"line":100},"11":{"name":"(anonymous_11)","decl":{"start":{"line":103,"column":13},"end":{"line":103,"column":14}},"loc":{"start":{"line":103,"column":40},"end":{"line":108,"column":8}},"line":103},"12":{"name":"(anonymous_12)","decl":{"start":{"line":109,"column":14},"end":{"line":109,"column":15}},"loc":{"start":{"line":109,"column":25},"end":{"line":111,"column":8}},"line":109},"13":{"name":"(anonymous_13)","decl":{"start":{"line":113,"column":12},"end":{"line":113,"column":13}},"loc":{"start":{"line":113,"column":23},"end":{"line":115,"column":6}},"line":113},"14":{"name":"(anonymous_14)","decl":{"start":{"line":117,"column":2},"end":{"line":117,"column":3}},"loc":{"start":{"line":117,"column":15},"end":{"line":128,"column":3}},"line":117},"15":{"name":"(anonymous_15)","decl":{"start":{"line":130,"column":2},"end":{"line":130,"column":3}},"loc":{"start":{"line":130,"column":30},"end":{"line":141,"column":3}},"line":130},"16":{"name":"(anonymous_16)","decl":{"start":{"line":132,"column":10},"end":{"line":132,"column":11}},"loc":{"start":{"line":132,"column":22},"end":{"line":137,"column":5}},"line":132},"17":{"name":"(anonymous_17)","decl":{"start":{"line":138,"column":11},"end":{"line":138,"column":12}},"loc":{"start":{"line":138,"column":22},"end":{"line":140,"column":5}},"line":138},"18":{"name":"(anonymous_18)","decl":{"start":{"line":143,"column":2},"end":{"line":143,"column":3}},"loc":{"start":{"line":143,"column":32},"end":{"line":160,"column":3}},"line":143},"19":{"name":"(anonymous_19)","decl":{"start":{"line":145,"column":10},"end":{"line":145,"column":11}},"loc":{"start":{"line":145,"column":22},"end":{"line":156,"column":5}},"line":145},"20":{"name":"(anonymous_20)","decl":{"start":{"line":157,"column":11},"end":{"line":157,"column":12}},"loc":{"start":{"line":157,"column":22},"end":{"line":159,"column":5}},"line":157},"21":{"name":"(anonymous_21)","decl":{"start":{"line":161,"column":2},"end":{"line":161,"column":3}},"loc":{"start":{"line":161,"column":21},"end":{"line":169,"column":3}},"line":161},"22":{"name":"(anonymous_22)","decl":{"start":{"line":170,"column":2},"end":{"line":170,"column":3}},"loc":{"start":{"line":170,"column":32},"end":{"line":179,"column":3}},"line":170},"23":{"name":"(anonymous_23)","decl":{"start":{"line":180,"column":2},"end":{"line":180,"column":3}},"loc":{"start":{"line":180,"column":29},"end":{"line":195,"column":3}},"line":180},"24":{"name":"(anonymous_24)","decl":{"start":{"line":196,"column":2},"end":{"line":196,"column":3}},"loc":{"start":{"line":196,"column":11},"end":{"line":237,"column":3}},"line":196},"25":{"name":"(anonymous_25)","decl":{"start":{"line":210,"column":61},"end":{"line":210,"column":62}},"loc":{"start":{"line":210,"column":70},"end":{"line":210,"column":93}},"line":210},"26":{"name":"(anonymous_26)","decl":{"start":{"line":212,"column":46},"end":{"line":212,"column":47}},"loc":{"start":{"line":213,"column":16},"end":{"line":213,"column":173}},"line":213},"27":{"name":"(anonymous_27)","decl":{"start":{"line":218,"column":58},"end":{"line":218,"column":59}},"loc":{"start":{"line":218,"column":67},"end":{"line":218,"column":90}},"line":218},"28":{"name":"(anonymous_28)","decl":{"start":{"line":223,"column":59},"end":{"line":223,"column":60}},"loc":{"start":{"line":223,"column":68},"end":{"line":223,"column":91}},"line":223},"29":{"name":"(anonymous_29)","decl":{"start":{"line":226,"column":49},"end":{"line":226,"column":50}},"loc":{"start":{"line":226,"column":53},"end":{"line":226,"column":71}},"line":226},"30":{"name":"(anonymous_30)","decl":{"start":{"line":227,"column":38},"end":{"line":227,"column":39}},"loc":{"start":{"line":228,"column":16},"end":{"line":228,"column":174}},"line":228},"31":{"name":"(anonymous_31)","decl":{"start":{"line":231,"column":57},"end":{"line":231,"column":58}},"loc":{"start":{"line":231,"column":66},"end":{"line":231,"column":89}},"line":231}},"branchMap":{"0":{"loc":{"start":{"line":31,"column":4},"end":{"line":53,"column":5}},"type":"if","locations":[{"start":{"line":31,"column":4},"end":{"line":53,"column":5}},{"start":{"line":47,"column":11},"end":{"line":53,"column":5}}],"line":31},"1":{"loc":{"start":{"line":37,"column":8},"end":{"line":39,"column":9}},"type":"if","locations":[{"start":{"line":37,"column":8},"end":{"line":39,"column":9}},{"start":{},"end":{}}],"line":37},"2":{"loc":{"start":{"line":90,"column":10},"end":{"line":92,"column":11}},"type":"if","locations":[{"start":{"line":90,"column":10},"end":{"line":92,"column":11}},{"start":{},"end":{}}],"line":90},"3":{"loc":{"start":{"line":121,"column":4},"end":{"line":124,"column":5}},"type":"if","locations":[{"start":{"line":121,"column":4},"end":{"line":124,"column":5}},{"start":{},"end":{}}],"line":121},"4":{"loc":{"start":{"line":148,"column":6},"end":{"line":150,"column":7}},"type":"if","locations":[{"start":{"line":148,"column":6},"end":{"line":150,"column":7}},{"start":{},"end":{}}],"line":148},"5":{"loc":{"start":{"line":171,"column":4},"end":{"line":175,"column":5}},"type":"if","locations":[{"start":{"line":171,"column":4},"end":{"line":175,"column":5}},{"start":{},"end":{}}],"line":171},"6":{"loc":{"start":{"line":176,"column":4},"end":{"line":178,"column":5}},"type":"if","locations":[{"start":{"line":176,"column":4},"end":{"line":178,"column":5}},{"start":{},"end":{}}],"line":176},"7":{"loc":{"start":{"line":186,"column":4},"end":{"line":190,"column":5}},"type":"if","locations":[{"start":{"line":186,"column":4},"end":{"line":190,"column":5}},{"start":{"line":188,"column":9},"end":{"line":190,"column":5}}],"line":186},"8":{"loc":{"start":{"line":186,"column":7},"end":{"line":186,"column":107}},"type":"binary-expr","locations":[{"start":{"line":186,"column":7},"end":{"line":186,"column":56}},{"start":{"line":186,"column":60},"end":{"line":186,"column":107}}],"line":186},"9":{"loc":{"start":{"line":198,"column":3},"end":{"line":204,"column":4}},"type":"if","locations":[{"start":{"line":198,"column":3},"end":{"line":204,"column":4}},{"start":{},"end":{}}],"line":198}},"s":{"0":1,"1":1,"2":1,"3":1,"4":0,"5":0,"6":0,"7":0,"8":0,"9":0,"10":0,"11":0,"12":0,"13":0,"14":0,"15":0,"16":0,"17":1,"18":0,"19":0,"20":0,"21":0,"22":1,"23":0,"24":0,"25":0,"26":0,"27":0,"28":0,"29":0,"30":0,"31":0,"32":0,"33":0,"34":0,"35":0,"36":0,"37":0,"38":0,"39":0,"40":1,"41":0,"42":0,"43":0,"44":1,"45":0,"46":0,"47":0,"48":0,"49":0,"50":0,"51":0,"52":1,"53":1,"54":1,"55":1,"56":1,"57":1,"58":0,"59":0,"60":0,"61":1,"62":0,"63":0,"64":0,"65":0,"66":0,"67":0,"68":0,"69":0,"70":0,"71":0,"72":0,"73":0,"74":2,"75":2,"76":2,"77":0,"78":0,"79":0,"80":0,"81":0,"82":0,"83":0,"84":0,"85":1},"f":{"0":1,"1":0,"2":0,"3":1,"4":0,"5":0,"6":0,"7":1,"8":0,"9":0,"10":0,"11":0,"12":0,"13":0,"14":0,"15":1,"16":0,"17":0,"18":1,"19":0,"20":0,"21":1,"22":1,"23":0,"24":2,"25":0,"26":0,"27":0,"28":0,"29":0,"30":0,"31":0},"b":{"0":[0,0],"1":[0,0],"2":[0,0],"3":[0,0],"4":[0,0],"5":[0,1],"6":[0,1],"7":[0,0],"8":[0,0],"9":[2,0]},"_coverageSchema":"1a1c01bbd47fc00a2c39e90264f33305004495a9","hash":"379b3a9a8856ef89adc17981923554d294d98b77"}
,"/Users/sangeetha/Documents/HackReactor/remote-course/FEC/project-atelier/client/src/components/Related_Outfit/Related_ProductInfo.jsx": {"path":"/Users/sangeetha/Documents/HackReactor/remote-course/FEC/project-atelier/client/src/components/Related_Outfit/Related_ProductInfo.jsx","statementMap":{"0":{"start":{"line":7,"column":26},"end":{"line":80,"column":1}},"1":{"start":{"line":8,"column":2},"end":{"line":8,"column":53}},"2":{"start":{"line":18,"column":14},"end":{"line":18,"column":16}},"3":{"start":{"line":19,"column":19},"end":{"line":19,"column":24}},"4":{"start":{"line":20,"column":2},"end":{"line":20,"column":78}},"5":{"start":{"line":21,"column":2},"end":{"line":31,"column":3}},"6":{"start":{"line":22,"column":4},"end":{"line":27,"column":5}},"7":{"start":{"line":23,"column":6},"end":{"line":26,"column":7}},"8":{"start":{"line":24,"column":8},"end":{"line":24,"column":49}},"9":{"start":{"line":25,"column":8},"end":{"line":25,"column":26}},"10":{"start":{"line":28,"column":4},"end":{"line":30,"column":5}},"11":{"start":{"line":29,"column":6},"end":{"line":29,"column":58}},"12":{"start":{"line":34,"column":2},"end":{"line":78,"column":3}},"13":{"start":{"line":35,"column":4},"end":{"line":56,"column":5}},"14":{"start":{"line":36,"column":64},"end":{"line":36,"column":107}},"15":{"start":{"line":40,"column":55},"end":{"line":40,"column":101}},"16":{"start":{"line":58,"column":4},"end":{"line":77,"column":5}},"17":{"start":{"line":59,"column":64},"end":{"line":59,"column":107}},"18":{"start":{"line":62,"column":58},"end":{"line":62,"column":105}},"19":{"start":{"line":81,"column":0},"end":{"line":87,"column":1}}},"fnMap":{"0":{"name":"(anonymous_0)","decl":{"start":{"line":7,"column":26},"end":{"line":7,"column":27}},"loc":{"start":{"line":7,"column":37},"end":{"line":80,"column":1}},"line":7},"1":{"name":"(anonymous_1)","decl":{"start":{"line":36,"column":52},"end":{"line":36,"column":53}},"loc":{"start":{"line":36,"column":63},"end":{"line":36,"column":108}},"line":36},"2":{"name":"(anonymous_2)","decl":{"start":{"line":40,"column":44},"end":{"line":40,"column":45}},"loc":{"start":{"line":40,"column":55},"end":{"line":40,"column":101}},"line":40},"3":{"name":"(anonymous_3)","decl":{"start":{"line":59,"column":52},"end":{"line":59,"column":53}},"loc":{"start":{"line":59,"column":63},"end":{"line":59,"column":108}},"line":59},"4":{"name":"(anonymous_4)","decl":{"start":{"line":62,"column":46},"end":{"line":62,"column":47}},"loc":{"start":{"line":62,"column":57},"end":{"line":62,"column":106}},"line":62}},"branchMap":{"0":{"loc":{"start":{"line":21,"column":2},"end":{"line":31,"column":3}},"type":"if","locations":[{"start":{"line":21,"column":2},"end":{"line":31,"column":3}},{"start":{},"end":{}}],"line":21},"1":{"loc":{"start":{"line":21,"column":5},"end":{"line":21,"column":75}},"type":"binary-expr","locations":[{"start":{"line":21,"column":5},"end":{"line":21,"column":40}},{"start":{"line":21,"column":44},"end":{"line":21,"column":75}}],"line":21},"2":{"loc":{"start":{"line":23,"column":6},"end":{"line":26,"column":7}},"type":"if","locations":[{"start":{"line":23,"column":6},"end":{"line":26,"column":7}},{"start":{},"end":{}}],"line":23},"3":{"loc":{"start":{"line":28,"column":4},"end":{"line":30,"column":5}},"type":"if","locations":[{"start":{"line":28,"column":4},"end":{"line":30,"column":5}},{"start":{},"end":{}}],"line":28},"4":{"loc":{"start":{"line":34,"column":2},"end":{"line":78,"column":3}},"type":"if","locations":[{"start":{"line":34,"column":2},"end":{"line":78,"column":3}},{"start":{"line":57,"column":9},"end":{"line":78,"column":3}}],"line":34}},"s":{"0":1,"1":0,"2":0,"3":0,"4":0,"5":0,"6":0,"7":0,"8":0,"9":0,"10":0,"11":0,"12":0,"13":0,"14":0,"15":0,"16":0,"17":0,"18":0,"19":1},"f":{"0":0,"1":0,"2":0,"3":0,"4":0},"b":{"0":[0,0],"1":[0,0],"2":[0,0],"3":[0,0],"4":[0,0]},"_coverageSchema":"1a1c01bbd47fc00a2c39e90264f33305004495a9","hash":"fc6f5d805f25b72d787fbaf579ce32f3b14bcbd7"}
,"/Users/sangeetha/Documents/HackReactor/remote-course/FEC/project-atelier/client/src/components/Related_Outfit/fetchData.js": {"path":"/Users/sangeetha/Documents/HackReactor/remote-course/FEC/project-atelier/client/src/components/Related_Outfit/fetchData.js","statementMap":{"0":{"start":{"line":3,"column":12},"end":{"line":3,"column":28}},"1":{"start":{"line":5,"column":24},"end":{"line":24,"column":1}},"2":{"start":{"line":6,"column":2},"end":{"line":6,"column":55}},"3":{"start":{"line":7,"column":2},"end":{"line":22,"column":5}},"4":{"start":{"line":8,"column":17},"end":{"line":8,"column":71}},"5":{"start":{"line":9,"column":18},"end":{"line":12,"column":5}},"6":{"start":{"line":13,"column":4},"end":{"line":21,"column":7}},"7":{"start":{"line":15,"column":23},"end":{"line":15,"column":36}},"8":{"start":{"line":17,"column":6},"end":{"line":17,"column":26}},"9":{"start":{"line":20,"column":6},"end":{"line":20,"column":19}},"10":{"start":{"line":25,"column":28},"end":{"line":48,"column":1}},"11":{"start":{"line":26,"column":2},"end":{"line":26,"column":50}},"12":{"start":{"line":27,"column":2},"end":{"line":47,"column":5}},"13":{"start":{"line":28,"column":17},"end":{"line":28,"column":65}},"14":{"start":{"line":29,"column":18},"end":{"line":36,"column":5}},"15":{"start":{"line":37,"column":4},"end":{"line":46,"column":7}},"16":{"start":{"line":40,"column":6},"end":{"line":40,"column":45}},"17":{"start":{"line":41,"column":6},"end":{"line":41,"column":29}},"18":{"start":{"line":44,"column":6},"end":{"line":44,"column":33}},"19":{"start":{"line":45,"column":6},"end":{"line":45,"column":19}},"20":{"start":{"line":49,"column":27},"end":{"line":72,"column":1}},"21":{"start":{"line":50,"column":2},"end":{"line":50,"column":49}},"22":{"start":{"line":51,"column":2},"end":{"line":71,"column":5}},"23":{"start":{"line":52,"column":17},"end":{"line":52,"column":64}},"24":{"start":{"line":53,"column":18},"end":{"line":60,"column":5}},"25":{"start":{"line":61,"column":4},"end":{"line":70,"column":7}},"26":{"start":{"line":64,"column":6},"end":{"line":64,"column":45}},"27":{"start":{"line":65,"column":6},"end":{"line":65,"column":29}},"28":{"start":{"line":68,"column":6},"end":{"line":68,"column":33}},"29":{"start":{"line":69,"column":6},"end":{"line":69,"column":19}},"30":{"start":{"line":73,"column":18},"end":{"line":90,"column":1}},"31":{"start":{"line":74,"column":15},"end":{"line":74,"column":58}},"32":{"start":{"line":75,"column":2},"end":{"line":89,"column":5}},"33":{"start":{"line":76,"column":16},"end":{"line":79,"column":3}},"34":{"start":{"line":80,"column":4},"end":{"line":88,"column":7}},"35":{"start":{"line":82,"column":24},"end":{"line":82,"column":37}},"36":{"start":{"line":84,"column":6},"end":{"line":84,"column":27}},"37":{"start":{"line":87,"column":6},"end":{"line":87,"column":19}},"38":{"start":{"line":91,"column":20},"end":{"line":108,"column":1}},"39":{"start":{"line":92,"column":15},"end":{"line":92,"column":68}},"40":{"start":{"line":93,"column":2},"end":{"line":107,"column":5}},"41":{"start":{"line":94,"column":16},"end":{"line":97,"column":3}},"42":{"start":{"line":98,"column":4},"end":{"line":106,"column":7}},"43":{"start":{"line":100,"column":19},"end":{"line":100,"column":32}},"44":{"start":{"line":102,"column":6},"end":{"line":102,"column":22}},"45":{"start":{"line":105,"column":6},"end":{"line":105,"column":19}},"46":{"start":{"line":109,"column":0},"end":{"line":117,"column":1}}},"fnMap":{"0":{"name":"(anonymous_0)","decl":{"start":{"line":5,"column":24},"end":{"line":5,"column":25}},"loc":{"start":{"line":5,"column":44},"end":{"line":24,"column":1}},"line":5},"1":{"name":"(anonymous_1)","decl":{"start":{"line":7,"column":21},"end":{"line":7,"column":22}},"loc":{"start":{"line":7,"column":42},"end":{"line":22,"column":3}},"line":7},"2":{"name":"(anonymous_2)","decl":{"start":{"line":14,"column":10},"end":{"line":14,"column":11}},"loc":{"start":{"line":14,"column":24},"end":{"line":18,"column":5}},"line":14},"3":{"name":"(anonymous_3)","decl":{"start":{"line":19,"column":11},"end":{"line":19,"column":12}},"loc":{"start":{"line":19,"column":22},"end":{"line":21,"column":5}},"line":19},"4":{"name":"(anonymous_4)","decl":{"start":{"line":25,"column":28},"end":{"line":25,"column":29}},"loc":{"start":{"line":25,"column":49},"end":{"line":48,"column":1}},"line":25},"5":{"name":"(anonymous_5)","decl":{"start":{"line":27,"column":21},"end":{"line":27,"column":22}},"loc":{"start":{"line":27,"column":42},"end":{"line":47,"column":3}},"line":27},"6":{"name":"(anonymous_6)","decl":{"start":{"line":38,"column":10},"end":{"line":38,"column":11}},"loc":{"start":{"line":38,"column":24},"end":{"line":42,"column":5}},"line":38},"7":{"name":"(anonymous_7)","decl":{"start":{"line":43,"column":11},"end":{"line":43,"column":12}},"loc":{"start":{"line":43,"column":22},"end":{"line":46,"column":5}},"line":43},"8":{"name":"(anonymous_8)","decl":{"start":{"line":49,"column":27},"end":{"line":49,"column":28}},"loc":{"start":{"line":49,"column":47},"end":{"line":72,"column":1}},"line":49},"9":{"name":"(anonymous_9)","decl":{"start":{"line":51,"column":21},"end":{"line":51,"column":22}},"loc":{"start":{"line":51,"column":42},"end":{"line":71,"column":3}},"line":51},"10":{"name":"(anonymous_10)","decl":{"start":{"line":62,"column":10},"end":{"line":62,"column":11}},"loc":{"start":{"line":62,"column":24},"end":{"line":66,"column":5}},"line":62},"11":{"name":"(anonymous_11)","decl":{"start":{"line":67,"column":11},"end":{"line":67,"column":12}},"loc":{"start":{"line":67,"column":22},"end":{"line":70,"column":5}},"line":67},"12":{"name":"(anonymous_12)","decl":{"start":{"line":73,"column":18},"end":{"line":73,"column":19}},"loc":{"start":{"line":73,"column":38},"end":{"line":90,"column":1}},"line":73},"13":{"name":"(anonymous_13)","decl":{"start":{"line":75,"column":21},"end":{"line":75,"column":22}},"loc":{"start":{"line":75,"column":42},"end":{"line":89,"column":3}},"line":75},"14":{"name":"(anonymous_14)","decl":{"start":{"line":81,"column":10},"end":{"line":81,"column":11}},"loc":{"start":{"line":81,"column":24},"end":{"line":85,"column":5}},"line":81},"15":{"name":"(anonymous_15)","decl":{"start":{"line":86,"column":11},"end":{"line":86,"column":12}},"loc":{"start":{"line":86,"column":22},"end":{"line":88,"column":5}},"line":86},"16":{"name":"(anonymous_16)","decl":{"start":{"line":91,"column":20},"end":{"line":91,"column":21}},"loc":{"start":{"line":91,"column":40},"end":{"line":108,"column":1}},"line":91},"17":{"name":"(anonymous_17)","decl":{"start":{"line":93,"column":21},"end":{"line":93,"column":22}},"loc":{"start":{"line":93,"column":42},"end":{"line":107,"column":3}},"line":93},"18":{"name":"(anonymous_18)","decl":{"start":{"line":99,"column":10},"end":{"line":99,"column":11}},"loc":{"start":{"line":99,"column":24},"end":{"line":103,"column":5}},"line":99},"19":{"name":"(anonymous_19)","decl":{"start":{"line":104,"column":11},"end":{"line":104,"column":12}},"loc":{"start":{"line":104,"column":22},"end":{"line":106,"column":5}},"line":104}},"branchMap":{},"s":{"0":1,"1":1,"2":1,"3":1,"4":1,"5":1,"6":1,"7":0,"8":0,"9":0,"10":1,"11":0,"12":0,"13":0,"14":0,"15":0,"16":0,"17":0,"18":0,"19":0,"20":1,"21":1,"22":1,"23":1,"24":1,"25":1,"26":0,"27":0,"28":0,"29":0,"30":1,"31":1,"32":1,"33":1,"34":1,"35":0,"36":0,"37":0,"38":1,"39":1,"40":1,"41":1,"42":1,"43":0,"44":0,"45":0,"46":1},"f":{"0":1,"1":1,"2":0,"3":0,"4":0,"5":0,"6":0,"7":0,"8":1,"9":1,"10":0,"11":0,"12":1,"13":1,"14":0,"15":0,"16":1,"17":1,"18":0,"19":0},"b":{},"_coverageSchema":"1a1c01bbd47fc00a2c39e90264f33305004495a9","hash":"f857c9b4c65b106813c775bf429f537b393aa3e1"}
,"/Users/sangeetha/Documents/HackReactor/remote-course/FEC/project-atelier/test/sum.js": {"path":"/Users/sangeetha/Documents/HackReactor/remote-course/FEC/project-atelier/test/sum.js","statementMap":{"0":{"start":{"line":2,"column":2},"end":{"line":2,"column":15}},"1":{"start":{"line":4,"column":0},"end":{"line":4,"column":21}}},"fnMap":{"0":{"name":"sum","decl":{"start":{"line":1,"column":9},"end":{"line":1,"column":12}},"loc":{"start":{"line":1,"column":19},"end":{"line":3,"column":1}},"line":1}},"branchMap":{},"s":{"0":1,"1":1},"f":{"0":1},"b":{},"_coverageSchema":"1a1c01bbd47fc00a2c39e90264f33305004495a9","hash":"3d82dac6f18953cea1bb89c173aaae6166862f43"}
}
