{"/Users/sangeetha/Documents/HackReactor/remote-course/FEC/project-atelier/client/src/components/Related_Outfit/Comparison.jsx": {"path":"/Users/sangeetha/Documents/HackReactor/remote-course/FEC/project-atelier/client/src/components/Related_Outfit/Comparison.jsx","statementMap":{"0":{"start":{"line":5,"column":17},"end":{"line":64,"column":1}},"1":{"start":{"line":6,"column":2},"end":{"line":62,"column":3}},"2":{"start":{"line":7,"column":6},"end":{"line":7,"column":69}},"3":{"start":{"line":8,"column":36},"end":{"line":8,"column":60}},"4":{"start":{"line":9,"column":36},"end":{"line":9,"column":65}},"5":{"start":{"line":10,"column":20},"end":{"line":10,"column":22}},"6":{"start":{"line":11,"column":5},"end":{"line":11,"column":70}},"7":{"start":{"line":12,"column":5},"end":{"line":19,"column":6}},"8":{"start":{"line":14,"column":26},"end":{"line":14,"column":50}},"9":{"start":{"line":15,"column":6},"end":{"line":15,"column":35}},"10":{"start":{"line":16,"column":6},"end":{"line":16,"column":71}},"11":{"start":{"line":17,"column":6},"end":{"line":17,"column":53}},"12":{"start":{"line":20,"column":5},"end":{"line":20,"column":70}},"13":{"start":{"line":21,"column":5},"end":{"line":32,"column":6}},"14":{"start":{"line":23,"column":26},"end":{"line":23,"column":50}},"15":{"start":{"line":24,"column":6},"end":{"line":30,"column":7}},"16":{"start":{"line":25,"column":8},"end":{"line":25,"column":37}},"17":{"start":{"line":26,"column":8},"end":{"line":26,"column":73}},"18":{"start":{"line":27,"column":8},"end":{"line":27,"column":55}},"19":{"start":{"line":29,"column":8},"end":{"line":29,"column":73}},"20":{"start":{"line":34,"column":23},"end":{"line":34,"column":44}},"21":{"start":{"line":36,"column":4},"end":{"line":57,"column":5}},"22":{"start":{"line":50,"column":12},"end":{"line":50,"column":97}},"23":{"start":{"line":59,"column":5},"end":{"line":61,"column":7}},"24":{"start":{"line":65,"column":0},"end":{"line":71,"column":1}}},"fnMap":{"0":{"name":"(anonymous_0)","decl":{"start":{"line":5,"column":17},"end":{"line":5,"column":18}},"loc":{"start":{"line":5,"column":28},"end":{"line":64,"column":1}},"line":5},"1":{"name":"(anonymous_1)","decl":{"start":{"line":49,"column":27},"end":{"line":49,"column":28}},"loc":{"start":{"line":50,"column":12},"end":{"line":50,"column":97}},"line":50}},"branchMap":{"0":{"loc":{"start":{"line":6,"column":2},"end":{"line":62,"column":3}},"type":"if","locations":[{"start":{"line":6,"column":2},"end":{"line":62,"column":3}},{"start":{"line":58,"column":8},"end":{"line":62,"column":3}}],"line":6},"1":{"loc":{"start":{"line":24,"column":6},"end":{"line":30,"column":7}},"type":"if","locations":[{"start":{"line":24,"column":6},"end":{"line":30,"column":7}},{"start":{"line":28,"column":12},"end":{"line":30,"column":7}}],"line":24}},"s":{"0":2,"1":2,"2":0,"3":0,"4":0,"5":0,"6":0,"7":0,"8":0,"9":0,"10":0,"11":0,"12":0,"13":0,"14":0,"15":0,"16":0,"17":0,"18":0,"19":0,"20":0,"21":0,"22":0,"23":2,"24":2},"f":{"0":2,"1":0},"b":{"0":[0,2],"1":[0,0]},"_coverageSchema":"1a1c01bbd47fc00a2c39e90264f33305004495a9","hash":"27feb8db75a10e8f874eade17a992f7cf95a7569"}
,"/Users/sangeetha/Documents/HackReactor/remote-course/FEC/project-atelier/client/src/components/Related_Outfit/ComparisonRow.jsx": {"path":"/Users/sangeetha/Documents/HackReactor/remote-course/FEC/project-atelier/client/src/components/Related_Outfit/ComparisonRow.jsx","statementMap":{"0":{"start":{"line":6,"column":20},"end":{"line":32,"column":1}},"1":{"start":{"line":8,"column":24},"end":{"line":8,"column":56}},"2":{"start":{"line":10,"column":24},"end":{"line":10,"column":56}},"3":{"start":{"line":11,"column":2},"end":{"line":13,"column":3}},"4":{"start":{"line":12,"column":4},"end":{"line":12,"column":54}},"5":{"start":{"line":14,"column":2},"end":{"line":16,"column":3}},"6":{"start":{"line":15,"column":4},"end":{"line":15,"column":54}},"7":{"start":{"line":18,"column":2},"end":{"line":31,"column":3}},"8":{"start":{"line":33,"column":0},"end":{"line":37,"column":1}}},"fnMap":{"0":{"name":"(anonymous_0)","decl":{"start":{"line":6,"column":20},"end":{"line":6,"column":21}},"loc":{"start":{"line":6,"column":31},"end":{"line":32,"column":1}},"line":6}},"branchMap":{"0":{"loc":{"start":{"line":11,"column":2},"end":{"line":13,"column":3}},"type":"if","locations":[{"start":{"line":11,"column":2},"end":{"line":13,"column":3}},{"start":{},"end":{}}],"line":11},"1":{"loc":{"start":{"line":14,"column":2},"end":{"line":16,"column":3}},"type":"if","locations":[{"start":{"line":14,"column":2},"end":{"line":16,"column":3}},{"start":{},"end":{}}],"line":14}},"s":{"0":2,"1":0,"2":0,"3":0,"4":0,"5":0,"6":0,"7":0,"8":2},"f":{"0":0},"b":{"0":[0,0],"1":[0,0]},"_coverageSchema":"1a1c01bbd47fc00a2c39e90264f33305004495a9","hash":"0a95463b9eef9b90afe43e29720cb36f256ce54a"}
,"/Users/sangeetha/Documents/HackReactor/remote-course/FEC/project-atelier/client/src/components/Related_Outfit/Price.jsx": {"path":"/Users/sangeetha/Documents/HackReactor/remote-course/FEC/project-atelier/client/src/components/Related_Outfit/Price.jsx","statementMap":{"0":{"start":{"line":5,"column":12},"end":{"line":20,"column":1}},"1":{"start":{"line":6,"column":2},"end":{"line":12,"column":3}},"2":{"start":{"line":7,"column":4},"end":{"line":11,"column":5}},"3":{"start":{"line":14,"column":2},"end":{"line":19,"column":3}},"4":{"start":{"line":22,"column":0},"end":{"line":25,"column":1}}},"fnMap":{"0":{"name":"(anonymous_0)","decl":{"start":{"line":5,"column":12},"end":{"line":5,"column":13}},"loc":{"start":{"line":5,"column":23},"end":{"line":20,"column":1}},"line":5}},"branchMap":{"0":{"loc":{"start":{"line":6,"column":2},"end":{"line":12,"column":3}},"type":"if","locations":[{"start":{"line":6,"column":2},"end":{"line":12,"column":3}},{"start":{},"end":{}}],"line":6},"1":{"loc":{"start":{"line":6,"column":5},"end":{"line":6,"column":62}},"type":"binary-expr","locations":[{"start":{"line":6,"column":5},"end":{"line":6,"column":29}},{"start":{"line":6,"column":33},"end":{"line":6,"column":62}}],"line":6}},"s":{"0":3,"1":8,"2":6,"3":2,"4":3},"f":{"0":8},"b":{"0":[6,2],"1":[8,2]},"_coverageSchema":"1a1c01bbd47fc00a2c39e90264f33305004495a9","hash":"9abc418da855f17234f4abbcb5af96320286422c"}
,"/Users/sangeetha/Documents/HackReactor/remote-course/FEC/project-atelier/client/src/components/Related_Outfit/Rating.jsx": {"path":"/Users/sangeetha/Documents/HackReactor/remote-course/FEC/project-atelier/client/src/components/Related_Outfit/Rating.jsx","statementMap":{"0":{"start":{"line":5,"column":13},"end":{"line":22,"column":1}},"1":{"start":{"line":14,"column":2},"end":{"line":21,"column":3}},"2":{"start":{"line":23,"column":0},"end":{"line":25,"column":1}}},"fnMap":{"0":{"name":"(anonymous_0)","decl":{"start":{"line":5,"column":13},"end":{"line":5,"column":14}},"loc":{"start":{"line":5,"column":24},"end":{"line":22,"column":1}},"line":5}},"branchMap":{},"s":{"0":2,"1":6,"2":2},"f":{"0":6},"b":{},"_coverageSchema":"1a1c01bbd47fc00a2c39e90264f33305004495a9","hash":"5b74eac12bf78ce6e6bb4274995c8519747db6e7"}
,"/Users/sangeetha/Documents/HackReactor/remote-course/FEC/project-atelier/client/src/components/Related_Outfit/RelatedOutfit_ProductInfo.jsx": {"path":"/Users/sangeetha/Documents/HackReactor/remote-course/FEC/project-atelier/client/src/components/Related_Outfit/RelatedOutfit_ProductInfo.jsx","statementMap":{"0":{"start":{"line":9,"column":32},"end":{"line":102,"column":1}},"1":{"start":{"line":10,"column":14},"end":{"line":10,"column":16}},"2":{"start":{"line":11,"column":19},"end":{"line":11,"column":24}},"3":{"start":{"line":12,"column":18},"end":{"line":12,"column":22}},"4":{"start":{"line":13,"column":14},"end":{"line":13,"column":16}},"5":{"start":{"line":14,"column":2},"end":{"line":40,"column":3}},"6":{"start":{"line":15,"column":4},"end":{"line":21,"column":5}},"7":{"start":{"line":16,"column":6},"end":{"line":20,"column":7}},"8":{"start":{"line":17,"column":8},"end":{"line":17,"column":49}},"9":{"start":{"line":18,"column":8},"end":{"line":18,"column":26}},"10":{"start":{"line":19,"column":8},"end":{"line":19,"column":47}},"11":{"start":{"line":22,"column":4},"end":{"line":26,"column":5}},"12":{"start":{"line":23,"column":6},"end":{"line":23,"column":58}},"13":{"start":{"line":24,"column":6},"end":{"line":24,"column":54}},"14":{"start":{"line":28,"column":4},"end":{"line":30,"column":5}},"15":{"start":{"line":29,"column":6},"end":{"line":29,"column":96}},"16":{"start":{"line":32,"column":17},"end":{"line":32,"column":18}},"17":{"start":{"line":34,"column":4},"end":{"line":39,"column":5}},"18":{"start":{"line":35,"column":6},"end":{"line":35,"column":28}},"19":{"start":{"line":37,"column":6},"end":{"line":37,"column":65}},"20":{"start":{"line":38,"column":6},"end":{"line":38,"column":36}},"21":{"start":{"line":42,"column":2},"end":{"line":100,"column":3}},"22":{"start":{"line":43,"column":4},"end":{"line":69,"column":5}},"23":{"start":{"line":44,"column":110},"end":{"line":44,"column":153}},"24":{"start":{"line":47,"column":55},"end":{"line":47,"column":101}},"25":{"start":{"line":51,"column":55},"end":{"line":51,"column":101}},"26":{"start":{"line":71,"column":4},"end":{"line":99,"column":5}},"27":{"start":{"line":72,"column":70},"end":{"line":72,"column":113}},"28":{"start":{"line":77,"column":59},"end":{"line":77,"column":106}},"29":{"start":{"line":81,"column":58},"end":{"line":81,"column":105}},"30":{"start":{"line":103,"column":0},"end":{"line":111,"column":1}}},"fnMap":{"0":{"name":"(anonymous_0)","decl":{"start":{"line":9,"column":32},"end":{"line":9,"column":33}},"loc":{"start":{"line":9,"column":43},"end":{"line":102,"column":1}},"line":9},"1":{"name":"(anonymous_1)","decl":{"start":{"line":44,"column":98},"end":{"line":44,"column":99}},"loc":{"start":{"line":44,"column":109},"end":{"line":44,"column":154}},"line":44},"2":{"name":"(anonymous_2)","decl":{"start":{"line":47,"column":44},"end":{"line":47,"column":45}},"loc":{"start":{"line":47,"column":55},"end":{"line":47,"column":101}},"line":47},"3":{"name":"(anonymous_3)","decl":{"start":{"line":51,"column":44},"end":{"line":51,"column":45}},"loc":{"start":{"line":51,"column":55},"end":{"line":51,"column":101}},"line":51},"4":{"name":"(anonymous_4)","decl":{"start":{"line":72,"column":58},"end":{"line":72,"column":59}},"loc":{"start":{"line":72,"column":69},"end":{"line":72,"column":114}},"line":72},"5":{"name":"(anonymous_5)","decl":{"start":{"line":77,"column":47},"end":{"line":77,"column":48}},"loc":{"start":{"line":77,"column":58},"end":{"line":77,"column":107}},"line":77},"6":{"name":"(anonymous_6)","decl":{"start":{"line":81,"column":46},"end":{"line":81,"column":47}},"loc":{"start":{"line":81,"column":57},"end":{"line":81,"column":106}},"line":81}},"branchMap":{"0":{"loc":{"start":{"line":14,"column":2},"end":{"line":40,"column":3}},"type":"if","locations":[{"start":{"line":14,"column":2},"end":{"line":40,"column":3}},{"start":{},"end":{}}],"line":14},"1":{"loc":{"start":{"line":14,"column":5},"end":{"line":14,"column":75}},"type":"binary-expr","locations":[{"start":{"line":14,"column":5},"end":{"line":14,"column":40}},{"start":{"line":14,"column":44},"end":{"line":14,"column":75}}],"line":14},"2":{"loc":{"start":{"line":16,"column":6},"end":{"line":20,"column":7}},"type":"if","locations":[{"start":{"line":16,"column":6},"end":{"line":20,"column":7}},{"start":{},"end":{}}],"line":16},"3":{"loc":{"start":{"line":22,"column":4},"end":{"line":26,"column":5}},"type":"if","locations":[{"start":{"line":22,"column":4},"end":{"line":26,"column":5}},{"start":{},"end":{}}],"line":22},"4":{"loc":{"start":{"line":28,"column":4},"end":{"line":30,"column":5}},"type":"if","locations":[{"start":{"line":28,"column":4},"end":{"line":30,"column":5}},{"start":{},"end":{}}],"line":28},"5":{"loc":{"start":{"line":34,"column":4},"end":{"line":39,"column":5}},"type":"if","locations":[{"start":{"line":34,"column":4},"end":{"line":39,"column":5}},{"start":{"line":36,"column":10},"end":{"line":39,"column":5}}],"line":34},"6":{"loc":{"start":{"line":42,"column":2},"end":{"line":100,"column":3}},"type":"if","locations":[{"start":{"line":42,"column":2},"end":{"line":100,"column":3}},{"start":{"line":70,"column":9},"end":{"line":100,"column":3}}],"line":42},"7":{"loc":{"start":{"line":45,"column":8},"end":{"line":52,"column":16}},"type":"cond-expr","locations":[{"start":{"line":46,"column":11},"end":{"line":48,"column":18}},{"start":{"line":49,"column":11},"end":{"line":52,"column":16}}],"line":45},"8":{"loc":{"start":{"line":75,"column":11},"end":{"line":82,"column":16}},"type":"cond-expr","locations":[{"start":{"line":76,"column":11},"end":{"line":78,"column":18}},{"start":{"line":79,"column":11},"end":{"line":82,"column":16}}],"line":75}},"s":{"0":2,"1":6,"2":6,"3":6,"4":6,"5":6,"6":4,"7":24,"8":4,"9":4,"10":4,"11":4,"12":0,"13":0,"14":4,"15":4,"16":4,"17":4,"18":4,"19":0,"20":0,"21":6,"22":4,"23":0,"24":0,"25":0,"26":2,"27":0,"28":0,"29":0,"30":2},"f":{"0":6,"1":0,"2":0,"3":0,"4":0,"5":0,"6":0},"b":{"0":[4,2],"1":[6,4],"2":[4,20],"3":[0,4],"4":[4,0],"5":[4,0],"6":[4,2],"7":[4,0],"8":[0,2]},"_coverageSchema":"1a1c01bbd47fc00a2c39e90264f33305004495a9","hash":"e88f5750756d5d8efc70af8a474a2fa840069fc3"}
,"/Users/sangeetha/Documents/HackReactor/remote-course/FEC/project-atelier/client/src/components/Related_Outfit/Related_Outfit.jsx": {"path":"/Users/sangeetha/Documents/HackReactor/remote-course/FEC/project-atelier/client/src/components/Related_Outfit/Related_Outfit.jsx","statementMap":{"0":{"start":{"line":11,"column":4},"end":{"line":11,"column":17}},"1":{"start":{"line":12,"column":4},"end":{"line":23,"column":6}},"2":{"start":{"line":24,"column":4},"end":{"line":24,"column":59}},"3":{"start":{"line":25,"column":4},"end":{"line":25,"column":61}},"4":{"start":{"line":31,"column":15},"end":{"line":31,"column":34}},"5":{"start":{"line":32,"column":16},"end":{"line":32,"column":18}},"6":{"start":{"line":33,"column":4},"end":{"line":54,"column":5}},"7":{"start":{"line":34,"column":6},"end":{"line":34,"column":34}},"8":{"start":{"line":35,"column":29},"end":{"line":35,"column":31}},"9":{"start":{"line":36,"column":6},"end":{"line":41,"column":7}},"10":{"start":{"line":38,"column":8},"end":{"line":40,"column":9}},"11":{"start":{"line":39,"column":10},"end":{"line":39,"column":37}},"12":{"start":{"line":43,"column":6},"end":{"line":46,"column":8}},"13":{"start":{"line":49,"column":6},"end":{"line":49,"column":33}},"14":{"start":{"line":50,"column":6},"end":{"line":53,"column":8}},"15":{"start":{"line":56,"column":4},"end":{"line":59,"column":7}},"16":{"start":{"line":66,"column":4},"end":{"line":66,"column":58}},"17":{"start":{"line":72,"column":20},"end":{"line":72,"column":49}},"18":{"start":{"line":73,"column":4},"end":{"line":75,"column":5}},"19":{"start":{"line":74,"column":6},"end":{"line":74,"column":68}},"20":{"start":{"line":81,"column":4},"end":{"line":92,"column":6}},"21":{"start":{"line":84,"column":6},"end":{"line":86,"column":8}},"22":{"start":{"line":89,"column":6},"end":{"line":91,"column":8}},"23":{"start":{"line":90,"column":8},"end":{"line":90,"column":36}},"24":{"start":{"line":100,"column":34},"end":{"line":100,"column":65}},"25":{"start":{"line":101,"column":5},"end":{"line":153,"column":6}},"26":{"start":{"line":103,"column":8},"end":{"line":105,"column":10}},"27":{"start":{"line":107,"column":6},"end":{"line":152,"column":8}},"28":{"start":{"line":110,"column":22},"end":{"line":110,"column":24}},"29":{"start":{"line":112,"column":8},"end":{"line":116,"column":10}},"30":{"start":{"line":113,"column":11},"end":{"line":115,"column":12}},"31":{"start":{"line":114,"column":12},"end":{"line":114,"column":36}},"32":{"start":{"line":118,"column":8},"end":{"line":120,"column":10}},"33":{"start":{"line":121,"column":8},"end":{"line":121,"column":23}},"34":{"start":{"line":125,"column":8},"end":{"line":148,"column":10}},"35":{"start":{"line":127,"column":10},"end":{"line":129,"column":11}},"36":{"start":{"line":128,"column":12},"end":{"line":128,"column":83}},"37":{"start":{"line":131,"column":10},"end":{"line":133,"column":13}},"38":{"start":{"line":147,"column":10},"end":{"line":147,"column":58}},"39":{"start":{"line":151,"column":8},"end":{"line":151,"column":36}},"40":{"start":{"line":194,"column":22},"end":{"line":194,"column":24}},"41":{"start":{"line":195,"column":4},"end":{"line":195,"column":51}},"42":{"start":{"line":196,"column":4},"end":{"line":196,"column":57}},"43":{"start":{"line":197,"column":4},"end":{"line":200,"column":7}},"44":{"start":{"line":202,"column":4},"end":{"line":202,"column":48}},"45":{"start":{"line":210,"column":4},"end":{"line":214,"column":5}},"46":{"start":{"line":211,"column":6},"end":{"line":211,"column":50}},"47":{"start":{"line":215,"column":4},"end":{"line":228,"column":5}},"48":{"start":{"line":217,"column":6},"end":{"line":217,"column":83}},"49":{"start":{"line":219,"column":6},"end":{"line":219,"column":85}},"50":{"start":{"line":220,"column":24},"end":{"line":220,"column":26}},"51":{"start":{"line":221,"column":6},"end":{"line":221,"column":53}},"52":{"start":{"line":222,"column":6},"end":{"line":222,"column":59}},"53":{"start":{"line":224,"column":6},"end":{"line":227,"column":10}},"54":{"start":{"line":229,"column":4},"end":{"line":231,"column":5}},"55":{"start":{"line":230,"column":6},"end":{"line":230,"column":48}},"56":{"start":{"line":237,"column":18},"end":{"line":237,"column":23}},"57":{"start":{"line":239,"column":4},"end":{"line":243,"column":5}},"58":{"start":{"line":240,"column":6},"end":{"line":240,"column":62}},"59":{"start":{"line":242,"column":6},"end":{"line":242,"column":66}},"60":{"start":{"line":245,"column":4},"end":{"line":245,"column":58}},"61":{"start":{"line":250,"column":3},"end":{"line":256,"column":4}},"62":{"start":{"line":251,"column":5},"end":{"line":255,"column":6}},"63":{"start":{"line":258,"column":4},"end":{"line":285,"column":5}},"64":{"start":{"line":260,"column":76},"end":{"line":260,"column":128}},"65":{"start":{"line":262,"column":102},"end":{"line":262,"column":125}},"66":{"start":{"line":265,"column":16},"end":{"line":265,"column":246}},"67":{"start":{"line":270,"column":101},"end":{"line":270,"column":124}},"68":{"start":{"line":272,"column":101},"end":{"line":272,"column":124}},"69":{"start":{"line":275,"column":53},"end":{"line":275,"column":71}},"70":{"start":{"line":277,"column":16},"end":{"line":277,"column":247}},"71":{"start":{"line":280,"column":100},"end":{"line":280,"column":123}},"72":{"start":{"line":288,"column":0},"end":{"line":299,"column":1}}},"fnMap":{"0":{"name":"(anonymous_0)","decl":{"start":{"line":10,"column":2},"end":{"line":10,"column":3}},"loc":{"start":{"line":10,"column":21},"end":{"line":26,"column":3}},"line":10},"1":{"name":"(anonymous_1)","decl":{"start":{"line":30,"column":2},"end":{"line":30,"column":3}},"loc":{"start":{"line":30,"column":35},"end":{"line":61,"column":3}},"line":30},"2":{"name":"(anonymous_2)","decl":{"start":{"line":65,"column":2},"end":{"line":65,"column":3}},"loc":{"start":{"line":65,"column":37},"end":{"line":67,"column":3}},"line":65},"3":{"name":"(anonymous_3)","decl":{"start":{"line":71,"column":2},"end":{"line":71,"column":3}},"loc":{"start":{"line":71,"column":15},"end":{"line":76,"column":3}},"line":71},"4":{"name":"(anonymous_4)","decl":{"start":{"line":80,"column":2},"end":{"line":80,"column":3}},"loc":{"start":{"line":80,"column":28},"end":{"line":93,"column":3}},"line":80},"5":{"name":"(anonymous_5)","decl":{"start":{"line":82,"column":10},"end":{"line":82,"column":11}},"loc":{"start":{"line":82,"column":36},"end":{"line":87,"column":5}},"line":82},"6":{"name":"(anonymous_6)","decl":{"start":{"line":88,"column":11},"end":{"line":88,"column":12}},"loc":{"start":{"line":88,"column":22},"end":{"line":92,"column":5}},"line":88},"7":{"name":"(anonymous_7)","decl":{"start":{"line":89,"column":18},"end":{"line":89,"column":19}},"loc":{"start":{"line":89,"column":29},"end":{"line":91,"column":7}},"line":89},"8":{"name":"(anonymous_8)","decl":{"start":{"line":97,"column":2},"end":{"line":97,"column":3}},"loc":{"start":{"line":97,"column":30},"end":{"line":155,"column":3}},"line":97},"9":{"name":"(anonymous_9)","decl":{"start":{"line":108,"column":12},"end":{"line":108,"column":13}},"loc":{"start":{"line":108,"column":35},"end":{"line":122,"column":7}},"line":108},"10":{"name":"(anonymous_10)","decl":{"start":{"line":112,"column":34},"end":{"line":112,"column":35}},"loc":{"start":{"line":112,"column":56},"end":{"line":116,"column":9}},"line":112},"11":{"name":"(anonymous_11)","decl":{"start":{"line":123,"column":12},"end":{"line":123,"column":13}},"loc":{"start":{"line":123,"column":25},"end":{"line":149,"column":7}},"line":123},"12":{"name":"(anonymous_12)","decl":{"start":{"line":126,"column":14},"end":{"line":126,"column":15}},"loc":{"start":{"line":126,"column":41},"end":{"line":145,"column":9}},"line":126},"13":{"name":"(anonymous_13)","decl":{"start":{"line":146,"column":15},"end":{"line":146,"column":16}},"loc":{"start":{"line":146,"column":26},"end":{"line":148,"column":9}},"line":146},"14":{"name":"(anonymous_14)","decl":{"start":{"line":150,"column":13},"end":{"line":150,"column":14}},"loc":{"start":{"line":150,"column":24},"end":{"line":152,"column":7}},"line":150},"15":{"name":"(anonymous_15)","decl":{"start":{"line":193,"column":2},"end":{"line":193,"column":3}},"loc":{"start":{"line":193,"column":21},"end":{"line":208,"column":3}},"line":193},"16":{"name":"(anonymous_16)","decl":{"start":{"line":209,"column":2},"end":{"line":209,"column":3}},"loc":{"start":{"line":209,"column":32},"end":{"line":232,"column":3}},"line":209},"17":{"name":"(anonymous_17)","decl":{"start":{"line":236,"column":2},"end":{"line":236,"column":3}},"loc":{"start":{"line":236,"column":29},"end":{"line":246,"column":3}},"line":236},"18":{"name":"(anonymous_18)","decl":{"start":{"line":248,"column":2},"end":{"line":248,"column":3}},"loc":{"start":{"line":248,"column":11},"end":{"line":286,"column":3}},"line":248},"19":{"name":"(anonymous_19)","decl":{"start":{"line":260,"column":70},"end":{"line":260,"column":71}},"loc":{"start":{"line":260,"column":76},"end":{"line":260,"column":128}},"line":260},"20":{"name":"(anonymous_20)","decl":{"start":{"line":262,"column":93},"end":{"line":262,"column":94}},"loc":{"start":{"line":262,"column":102},"end":{"line":262,"column":125}},"line":262},"21":{"name":"(anonymous_21)","decl":{"start":{"line":264,"column":46},"end":{"line":264,"column":47}},"loc":{"start":{"line":265,"column":16},"end":{"line":265,"column":246}},"line":265},"22":{"name":"(anonymous_22)","decl":{"start":{"line":270,"column":92},"end":{"line":270,"column":93}},"loc":{"start":{"line":270,"column":101},"end":{"line":270,"column":124}},"line":270},"23":{"name":"(anonymous_23)","decl":{"start":{"line":272,"column":92},"end":{"line":272,"column":93}},"loc":{"start":{"line":272,"column":101},"end":{"line":272,"column":124}},"line":272},"24":{"name":"(anonymous_24)","decl":{"start":{"line":275,"column":49},"end":{"line":275,"column":50}},"loc":{"start":{"line":275,"column":53},"end":{"line":275,"column":71}},"line":275},"25":{"name":"(anonymous_25)","decl":{"start":{"line":276,"column":38},"end":{"line":276,"column":39}},"loc":{"start":{"line":277,"column":16},"end":{"line":277,"column":247}},"line":277},"26":{"name":"(anonymous_26)","decl":{"start":{"line":280,"column":91},"end":{"line":280,"column":92}},"loc":{"start":{"line":280,"column":100},"end":{"line":280,"column":123}},"line":280}},"branchMap":{"0":{"loc":{"start":{"line":33,"column":4},"end":{"line":54,"column":5}},"type":"if","locations":[{"start":{"line":33,"column":4},"end":{"line":54,"column":5}},{"start":{"line":48,"column":11},"end":{"line":54,"column":5}}],"line":33},"1":{"loc":{"start":{"line":38,"column":8},"end":{"line":40,"column":9}},"type":"if","locations":[{"start":{"line":38,"column":8},"end":{"line":40,"column":9}},{"start":{},"end":{}}],"line":38},"2":{"loc":{"start":{"line":73,"column":4},"end":{"line":75,"column":5}},"type":"if","locations":[{"start":{"line":73,"column":4},"end":{"line":75,"column":5}},{"start":{},"end":{}}],"line":73},"3":{"loc":{"start":{"line":101,"column":5},"end":{"line":153,"column":6}},"type":"if","locations":[{"start":{"line":101,"column":5},"end":{"line":153,"column":6}},{"start":{"line":106,"column":12},"end":{"line":153,"column":6}}],"line":101},"4":{"loc":{"start":{"line":101,"column":8},"end":{"line":101,"column":51}},"type":"binary-expr","locations":[{"start":{"line":101,"column":8},"end":{"line":101,"column":28}},{"start":{"line":101,"column":32},"end":{"line":101,"column":51}}],"line":101},"5":{"loc":{"start":{"line":113,"column":11},"end":{"line":115,"column":12}},"type":"if","locations":[{"start":{"line":113,"column":11},"end":{"line":115,"column":12}},{"start":{},"end":{}}],"line":113},"6":{"loc":{"start":{"line":127,"column":10},"end":{"line":129,"column":11}},"type":"if","locations":[{"start":{"line":127,"column":10},"end":{"line":129,"column":11}},{"start":{},"end":{}}],"line":127},"7":{"loc":{"start":{"line":210,"column":4},"end":{"line":214,"column":5}},"type":"if","locations":[{"start":{"line":210,"column":4},"end":{"line":214,"column":5}},{"start":{},"end":{}}],"line":210},"8":{"loc":{"start":{"line":215,"column":4},"end":{"line":228,"column":5}},"type":"if","locations":[{"start":{"line":215,"column":4},"end":{"line":228,"column":5}},{"start":{},"end":{}}],"line":215},"9":{"loc":{"start":{"line":215,"column":7},"end":{"line":216,"column":105}},"type":"binary-expr","locations":[{"start":{"line":215,"column":7},"end":{"line":215,"column":107}},{"start":{"line":216,"column":7},"end":{"line":216,"column":105}}],"line":215},"10":{"loc":{"start":{"line":229,"column":4},"end":{"line":231,"column":5}},"type":"if","locations":[{"start":{"line":229,"column":4},"end":{"line":231,"column":5}},{"start":{},"end":{}}],"line":229},"11":{"loc":{"start":{"line":239,"column":4},"end":{"line":243,"column":5}},"type":"if","locations":[{"start":{"line":239,"column":4},"end":{"line":243,"column":5}},{"start":{"line":241,"column":9},"end":{"line":243,"column":5}}],"line":239},"12":{"loc":{"start":{"line":250,"column":3},"end":{"line":256,"column":4}},"type":"if","locations":[{"start":{"line":250,"column":3},"end":{"line":256,"column":4}},{"start":{},"end":{}}],"line":250},"13":{"loc":{"start":{"line":250,"column":6},"end":{"line":250,"column":80}},"type":"binary-expr","locations":[{"start":{"line":250,"column":6},"end":{"line":250,"column":45}},{"start":{"line":250,"column":49},"end":{"line":250,"column":80}}],"line":250}},"s":{"0":4,"1":4,"2":4,"3":4,"4":0,"5":0,"6":0,"7":0,"8":0,"9":0,"10":0,"11":0,"12":0,"13":0,"14":0,"15":0,"16":0,"17":0,"18":0,"19":0,"20":0,"21":0,"22":0,"23":0,"24":4,"25":4,"26":0,"27":4,"28":0,"29":0,"30":0,"31":0,"32":0,"33":0,"34":0,"35":0,"36":0,"37":0,"38":0,"39":0,"40":4,"41":4,"42":4,"43":4,"44":4,"45":5,"46":0,"47":5,"48":0,"49":0,"50":0,"51":0,"52":0,"53":0,"54":5,"55":0,"56":0,"57":0,"58":0,"59":0,"60":0,"61":9,"62":8,"63":1,"64":0,"65":0,"66":0,"67":0,"68":0,"69":0,"70":2,"71":0,"72":1},"f":{"0":4,"1":0,"2":0,"3":0,"4":0,"5":0,"6":0,"7":0,"8":4,"9":0,"10":0,"11":0,"12":0,"13":0,"14":0,"15":4,"16":5,"17":0,"18":9,"19":0,"20":0,"21":0,"22":0,"23":0,"24":0,"25":2,"26":0},"b":{"0":[0,0],"1":[0,0],"2":[0,0],"3":[0,4],"4":[4,0],"5":[0,0],"6":[0,0],"7":[0,5],"8":[0,5],"9":[5,5],"10":[0,5],"11":[0,0],"12":[8,1],"13":[9,9]},"_coverageSchema":"1a1c01bbd47fc00a2c39e90264f33305004495a9","hash":"a1765a5ae24e6e03441148e7addc3cc0fe336fd1"}
,"/Users/sangeetha/Documents/HackReactor/remote-course/FEC/project-atelier/client/src/components/Related_Outfit/fetchData.js": {"path":"/Users/sangeetha/Documents/HackReactor/remote-course/FEC/project-atelier/client/src/components/Related_Outfit/fetchData.js","statementMap":{"0":{"start":{"line":3,"column":12},"end":{"line":3,"column":28}},"1":{"start":{"line":5,"column":24},"end":{"line":24,"column":1}},"2":{"start":{"line":7,"column":2},"end":{"line":22,"column":5}},"3":{"start":{"line":8,"column":17},"end":{"line":8,"column":71}},"4":{"start":{"line":9,"column":18},"end":{"line":12,"column":5}},"5":{"start":{"line":13,"column":4},"end":{"line":21,"column":7}},"6":{"start":{"line":15,"column":23},"end":{"line":15,"column":36}},"7":{"start":{"line":17,"column":6},"end":{"line":17,"column":26}},"8":{"start":{"line":20,"column":6},"end":{"line":20,"column":19}},"9":{"start":{"line":25,"column":28},"end":{"line":48,"column":1}},"10":{"start":{"line":27,"column":2},"end":{"line":47,"column":5}},"11":{"start":{"line":28,"column":17},"end":{"line":28,"column":65}},"12":{"start":{"line":29,"column":18},"end":{"line":36,"column":5}},"13":{"start":{"line":37,"column":4},"end":{"line":46,"column":7}},"14":{"start":{"line":41,"column":6},"end":{"line":41,"column":29}},"15":{"start":{"line":45,"column":6},"end":{"line":45,"column":19}},"16":{"start":{"line":49,"column":27},"end":{"line":72,"column":1}},"17":{"start":{"line":51,"column":2},"end":{"line":71,"column":5}},"18":{"start":{"line":52,"column":17},"end":{"line":52,"column":64}},"19":{"start":{"line":53,"column":18},"end":{"line":60,"column":5}},"20":{"start":{"line":61,"column":4},"end":{"line":70,"column":7}},"21":{"start":{"line":65,"column":6},"end":{"line":65,"column":29}},"22":{"start":{"line":69,"column":6},"end":{"line":69,"column":19}},"23":{"start":{"line":73,"column":18},"end":{"line":90,"column":1}},"24":{"start":{"line":74,"column":15},"end":{"line":74,"column":58}},"25":{"start":{"line":75,"column":2},"end":{"line":89,"column":5}},"26":{"start":{"line":76,"column":16},"end":{"line":79,"column":3}},"27":{"start":{"line":80,"column":4},"end":{"line":88,"column":7}},"28":{"start":{"line":82,"column":24},"end":{"line":82,"column":37}},"29":{"start":{"line":84,"column":6},"end":{"line":84,"column":27}},"30":{"start":{"line":87,"column":6},"end":{"line":87,"column":19}},"31":{"start":{"line":91,"column":20},"end":{"line":108,"column":1}},"32":{"start":{"line":92,"column":15},"end":{"line":92,"column":68}},"33":{"start":{"line":93,"column":2},"end":{"line":107,"column":5}},"34":{"start":{"line":94,"column":16},"end":{"line":97,"column":3}},"35":{"start":{"line":98,"column":4},"end":{"line":106,"column":7}},"36":{"start":{"line":100,"column":19},"end":{"line":100,"column":32}},"37":{"start":{"line":102,"column":6},"end":{"line":102,"column":22}},"38":{"start":{"line":105,"column":6},"end":{"line":105,"column":19}},"39":{"start":{"line":109,"column":0},"end":{"line":117,"column":1}}},"fnMap":{"0":{"name":"(anonymous_0)","decl":{"start":{"line":5,"column":24},"end":{"line":5,"column":25}},"loc":{"start":{"line":5,"column":44},"end":{"line":24,"column":1}},"line":5},"1":{"name":"(anonymous_1)","decl":{"start":{"line":7,"column":21},"end":{"line":7,"column":22}},"loc":{"start":{"line":7,"column":42},"end":{"line":22,"column":3}},"line":7},"2":{"name":"(anonymous_2)","decl":{"start":{"line":14,"column":10},"end":{"line":14,"column":11}},"loc":{"start":{"line":14,"column":24},"end":{"line":18,"column":5}},"line":14},"3":{"name":"(anonymous_3)","decl":{"start":{"line":19,"column":11},"end":{"line":19,"column":12}},"loc":{"start":{"line":19,"column":22},"end":{"line":21,"column":5}},"line":19},"4":{"name":"(anonymous_4)","decl":{"start":{"line":25,"column":28},"end":{"line":25,"column":29}},"loc":{"start":{"line":25,"column":49},"end":{"line":48,"column":1}},"line":25},"5":{"name":"(anonymous_5)","decl":{"start":{"line":27,"column":21},"end":{"line":27,"column":22}},"loc":{"start":{"line":27,"column":42},"end":{"line":47,"column":3}},"line":27},"6":{"name":"(anonymous_6)","decl":{"start":{"line":38,"column":10},"end":{"line":38,"column":11}},"loc":{"start":{"line":38,"column":24},"end":{"line":42,"column":5}},"line":38},"7":{"name":"(anonymous_7)","decl":{"start":{"line":43,"column":11},"end":{"line":43,"column":12}},"loc":{"start":{"line":43,"column":22},"end":{"line":46,"column":5}},"line":43},"8":{"name":"(anonymous_8)","decl":{"start":{"line":49,"column":27},"end":{"line":49,"column":28}},"loc":{"start":{"line":49,"column":47},"end":{"line":72,"column":1}},"line":49},"9":{"name":"(anonymous_9)","decl":{"start":{"line":51,"column":21},"end":{"line":51,"column":22}},"loc":{"start":{"line":51,"column":42},"end":{"line":71,"column":3}},"line":51},"10":{"name":"(anonymous_10)","decl":{"start":{"line":62,"column":10},"end":{"line":62,"column":11}},"loc":{"start":{"line":62,"column":24},"end":{"line":66,"column":5}},"line":62},"11":{"name":"(anonymous_11)","decl":{"start":{"line":67,"column":11},"end":{"line":67,"column":12}},"loc":{"start":{"line":67,"column":22},"end":{"line":70,"column":5}},"line":67},"12":{"name":"(anonymous_12)","decl":{"start":{"line":73,"column":18},"end":{"line":73,"column":19}},"loc":{"start":{"line":73,"column":38},"end":{"line":90,"column":1}},"line":73},"13":{"name":"(anonymous_13)","decl":{"start":{"line":75,"column":21},"end":{"line":75,"column":22}},"loc":{"start":{"line":75,"column":42},"end":{"line":89,"column":3}},"line":75},"14":{"name":"(anonymous_14)","decl":{"start":{"line":81,"column":10},"end":{"line":81,"column":11}},"loc":{"start":{"line":81,"column":24},"end":{"line":85,"column":5}},"line":81},"15":{"name":"(anonymous_15)","decl":{"start":{"line":86,"column":11},"end":{"line":86,"column":12}},"loc":{"start":{"line":86,"column":22},"end":{"line":88,"column":5}},"line":86},"16":{"name":"(anonymous_16)","decl":{"start":{"line":91,"column":20},"end":{"line":91,"column":21}},"loc":{"start":{"line":91,"column":40},"end":{"line":108,"column":1}},"line":91},"17":{"name":"(anonymous_17)","decl":{"start":{"line":93,"column":21},"end":{"line":93,"column":22}},"loc":{"start":{"line":93,"column":42},"end":{"line":107,"column":3}},"line":93},"18":{"name":"(anonymous_18)","decl":{"start":{"line":99,"column":10},"end":{"line":99,"column":11}},"loc":{"start":{"line":99,"column":24},"end":{"line":103,"column":5}},"line":99},"19":{"name":"(anonymous_19)","decl":{"start":{"line":104,"column":11},"end":{"line":104,"column":12}},"loc":{"start":{"line":104,"column":22},"end":{"line":106,"column":5}},"line":104}},"branchMap":{},"s":{"0":1,"1":1,"2":4,"3":4,"4":4,"5":4,"6":0,"7":0,"8":0,"9":1,"10":0,"11":0,"12":0,"13":0,"14":0,"15":0,"16":1,"17":0,"18":0,"19":0,"20":0,"21":0,"22":0,"23":1,"24":0,"25":0,"26":0,"27":0,"28":0,"29":0,"30":0,"31":1,"32":0,"33":0,"34":0,"35":0,"36":0,"37":0,"38":0,"39":1},"f":{"0":4,"1":4,"2":0,"3":0,"4":0,"5":0,"6":0,"7":0,"8":0,"9":0,"10":0,"11":0,"12":0,"13":0,"14":0,"15":0,"16":0,"17":0,"18":0,"19":0},"b":{},"_coverageSchema":"1a1c01bbd47fc00a2c39e90264f33305004495a9","hash":"010e37756d9b6cc2482ce007b327f18a63240c34"}
}
