TN:
SF:config.js
FNF:0
FNH:0
DA:1,3
LF:1
LH:1
BRF:0
BRH:0
end_of_record
TN:
SF:client/src/components/Overview/AddToCart.jsx
FN:8,(anonymous_0)
FN:17,(anonymous_1)
FN:23,(anonymous_2)
FN:31,(anonymous_3)
FN:35,(anonymous_4)
FN:53,(anonymous_5)
FN:75,(anonymous_6)
FN:102,(anonymous_7)
FN:109,(anonymous_8)
FN:126,(anonymous_9)
FN:129,(anonymous_10)
FN:142,(anonymous_11)
FN:152,(anonymous_12)
FN:186,(anonymous_13)
FN:203,(anonymous_14)
FN:206,(anonymous_15)
FNF:16
FNH:9
FNDA:57,(anonymous_0)
FNDA:27,(anonymous_1)
FNDA:54,(anonymous_2)
FNDA:27,(anonymous_3)
FNDA:27,(anonymous_4)
FNDA:2,(anonymous_5)
FNDA:1,(anonymous_6)
FNDA:0,(anonymous_7)
FNDA:0,(anonymous_8)
FNDA:0,(anonymous_9)
FNDA:0,(anonymous_10)
FNDA:342,(anonymous_11)
FNDA:15,(anonymous_12)
FNDA:0,(anonymous_13)
FNDA:0,(anonymous_14)
FNDA:0,(anonymous_15)
DA:8,3
DA:10,57
DA:11,57
DA:12,57
DA:13,57
DA:14,57
DA:15,57
DA:17,57
DA:18,27
DA:19,27
DA:20,27
DA:23,57
DA:24,54
DA:25,0
DA:27,54
DA:31,57
DA:32,27
DA:35,57
DA:36,27
DA:40,57
DA:42,57
DA:43,57
DA:44,57
DA:45,342
DA:49,57
DA:51,57
DA:53,57
DA:54,2
DA:55,2
DA:56,2
DA:57,2
DA:59,2
DA:60,1
DA:61,1
DA:63,1
DA:65,2
DA:66,1
DA:67,1
DA:69,2
DA:75,57
DA:76,1
DA:77,1
DA:78,1
DA:79,1
DA:80,6
DA:81,1
DA:82,1
DA:83,1
DA:84,0
DA:85,1
DA:86,0
DA:87,0
DA:90,1
DA:91,15
DA:94,1
DA:95,1
DA:99,1
DA:102,57
DA:103,0
DA:104,0
DA:105,0
DA:106,0
DA:109,57
DA:112,0
DA:113,0
DA:114,0
DA:118,0
DA:125,0
DA:127,0
DA:130,0
DA:136,57
DA:143,342
DA:153,15
DA:170,0
DA:178,3
DA:186,3
DA:189,0
DA:190,0
DA:191,0
DA:195,0
DA:202,0
DA:204,0
DA:207,0
LF:83
LH:60
BRDA:24,0,0,0
BRDA:24,0,1,54
BRDA:40,1,0,57
BRDA:40,1,1,0
BRDA:56,2,0,2
BRDA:56,2,1,0
BRDA:59,3,0,1
BRDA:59,3,1,1
BRDA:60,4,0,1
BRDA:60,4,1,0
BRDA:65,5,0,1
BRDA:65,5,1,1
BRDA:80,6,0,1
BRDA:80,6,1,5
BRDA:83,7,0,0
BRDA:83,7,1,1
BRDA:85,8,0,0
BRDA:85,8,1,1
BRDA:113,9,0,0
BRDA:113,9,1,0
BRDA:141,10,0,57
BRDA:141,10,1,57
BRDA:143,11,0,1
BRDA:143,11,1,341
BRDA:152,12,0,57
BRDA:152,12,1,1
BRDA:153,13,0,0
BRDA:153,13,1,15
BRDA:158,14,0,57
BRDA:158,14,1,0
BRDA:161,15,0,57
BRDA:161,15,1,57
BRDA:190,16,0,0
BRDA:190,16,1,0
BRF:34
BRH:22
end_of_record
TN:
SF:client/src/components/Overview/ImageGallery.jsx
FN:11,(anonymous_0)
FN:15,(anonymous_1)
FN:33,(anonymous_2)
FN:49,(anonymous_3)
FNF:4
FNH:3
FNDA:47,(anonymous_0)
FNDA:1,(anonymous_1)
FNDA:277,(anonymous_2)
FNDA:0,(anonymous_3)
DA:11,3
DA:13,47
DA:15,47
DA:16,1
DA:17,1
DA:20,47
DA:22,47
DA:34,277
DA:49,0
DA:58,0
DA:66,3
LF:11
LH:9
BRDA:20,0,0,47
BRDA:20,0,1,0
BRDA:24,1,0,46
BRDA:24,1,1,1
BRDA:34,2,0,47
BRDA:34,2,1,230
BRDA:49,3,0,47
BRDA:49,3,1,1
BRF:8
BRH:7
end_of_record
TN:
SF:client/src/components/Overview/Overview.jsx
FN:13,(anonymous_0)
FN:24,(anonymous_1)
FN:38,(anonymous_2)
FN:44,(anonymous_3)
FN:50,(anonymous_4)
FN:54,(anonymous_5)
FN:59,(anonymous_6)
FN:68,(anonymous_7)
FN:73,(anonymous_8)
FN:80,(anonymous_9)
FN:116,(anonymous_10)
FN:122,(anonymous_11)
FN:130,(anonymous_12)
FNF:13
FNH:3
FNDA:32,(anonymous_0)
FNDA:16,(anonymous_1)
FNDA:0,(anonymous_2)
FNDA:0,(anonymous_3)
FNDA:0,(anonymous_4)
FNDA:16,(anonymous_5)
FNDA:0,(anonymous_6)
FNDA:0,(anonymous_7)
FNDA:0,(anonymous_8)
FNDA:0,(anonymous_9)
FNDA:0,(anonymous_10)
FNDA:0,(anonymous_11)
FNDA:0,(anonymous_12)
DA:13,2
DA:15,32
DA:16,32
DA:24,32
DA:25,16
DA:31,16
DA:37,16
DA:39,0
DA:43,0
DA:45,0
DA:46,0
DA:51,0
DA:54,32
DA:55,16
DA:59,32
DA:60,0
DA:61,0
DA:62,0
DA:64,0
DA:68,32
DA:69,0
DA:70,0
DA:73,32
DA:74,0
DA:75,0
DA:76,0
DA:77,0
DA:80,32
DA:81,0
DA:82,0
DA:83,0
DA:84,0
DA:86,0
DA:87,0
DA:88,0
DA:91,32
DA:105,2
DA:116,2
DA:117,0
DA:118,0
DA:119,0
DA:120,0
DA:122,2
DA:123,0
DA:124,0
DA:125,0
DA:127,0
DA:130,2
DA:131,0
DA:132,0
LF:50
LH:18
BRDA:60,0,0,0
BRDA:60,0,1,0
BRDA:83,1,0,0
BRDA:83,1,1,0
BRDA:93,2,0,32
BRDA:93,2,1,32
BRDA:123,3,0,0
BRDA:123,3,1,0
BRF:8
BRH:2
end_of_record
TN:
SF:client/src/components/Overview/ProductFeatures.jsx
FN:6,(anonymous_0)
FN:11,(anonymous_1)
FNF:2
FNH:2
FNDA:37,(anonymous_0)
FNDA:74,(anonymous_1)
DA:6,3
DA:8,37
DA:12,74
DA:19,3
LF:4
LH:4
BRDA:10,0,0,37
BRDA:10,0,1,37
BRF:2
BRH:2
end_of_record
TN:
SF:client/src/components/Overview/ProductInformation.jsx
FN:6,(anonymous_0)
FNF:1
FNH:1
FNDA:41,(anonymous_0)
DA:6,3
DA:8,41
DA:9,41
DA:32,0
DA:40,3
LF:5
LH:4
BRDA:8,0,0,41
BRDA:8,0,1,0
BRDA:26,1,0,41
BRDA:26,1,1,40
BRDA:27,2,0,41
BRDA:27,2,1,1
BRF:6
BRH:5
end_of_record
TN:
SF:client/src/components/Overview/ProductSloganAndDescription.jsx
FN:6,(anonymous_0)
FNF:1
FNH:1
FNDA:36,(anonymous_0)
DA:6,3
DA:7,36
DA:19,3
LF:3
LH:3
BRF:0
BRH:0
end_of_record
TN:
SF:client/src/components/Overview/StyleSelector.jsx
FN:7,(anonymous_0)
FN:21,(anonymous_1)
FNF:2
FNH:2
FNDA:40,(anonymous_0)
FNDA:120,(anonymous_1)
DA:7,2
DA:9,40
DA:10,40
DA:22,120
DA:36,0
DA:44,2
LF:6
LH:5
BRDA:9,0,0,40
BRDA:9,0,1,0
BRDA:22,1,0,40
BRDA:22,1,1,80
BRF:4
BRH:3
end_of_record
